<?xml version="1.0" encoding="UTF-8" ?>
<testsuite failures="0" time="0.017" errors="0" skipped="0" tests="1" name="org.jwebsocket.plugins.jmx.AppTest">
  <properties>
    <property name="java.runtime.name" value="OpenJDK Runtime Environment"/>
    <property name="sun.boot.library.path" value="/usr/lib/jvm/java-7-openjdk-i386/jre/lib/i386"/>
    <property name="java.vm.version" value="21.0-b17"/>
    <property name="java.vm.vendor" value="Oracle Corporation"/>
    <property name="java.vendor.url" value="http://java.oracle.com/"/>
    <property name="path.separator" value=":"/>
    <property name="java.vm.name" value="OpenJDK Server VM"/>
    <property name="file.encoding.pkg" value="sun.io"/>
    <property name="user.country" value="ES"/>
    <property name="sun.java.launcher" value="SUN_STANDARD"/>
    <property name="sun.os.patch.level" value="unknown"/>
    <property name="java.vm.specification.name" value="Java Virtual Machine Specification"/>
    <property name="user.dir" value="/home/lisdey/Escritorio/JwebSocket/Repo/Tesis/Source_Code/JMXPlugIn/JMXPlugIn"/>
    <property name="java.runtime.version" value="1.7.0_147-icedtea-b147"/>
    <property name="java.awt.graphicsenv" value="sun.awt.X11GraphicsEnvironment"/>
    <property name="basedir" value="/home/lisdey/Escritorio/JwebSocket/Repo/Tesis/Source_Code/JMXPlugIn/JMXPlugIn"/>
    <property name="java.endorsed.dirs" value="/usr/lib/jvm/java-7-openjdk-i386/jre/lib/endorsed"/>
    <property name="os.arch" value="i386"/>
    <property name="surefire.real.class.path" value="/tmp/surefirebooter2342953049089999374.jar"/>
    <property name="java.io.tmpdir" value="/tmp"/>
    <property name="line.separator" value="
"/>
    <property name="java.vm.specification.vendor" value="Oracle Corporation"/>
    <property name="os.name" value="Linux"/>
    <property name="sun.jnu.encoding" value="UTF-8"/>
    <property name="java.library.path" value="/usr/java/packages/lib/i386:/usr/lib/i386-linux-gnu/jni:/lib/i386-linux-gnu:/usr/lib/i386-linux-gnu:/usr/lib/jni:/lib:/usr/lib"/>
    <property name="surefire.test.class.path" value="/home/lisdey/Escritorio/JwebSocket/Repo/Tesis/Source_Code/JMXPlugIn/JMXPlugIn/target/test-classes:/home/lisdey/Escritorio/JwebSocket/Repo/Tesis/Source_Code/JMXPlugIn/JMXPlugIn/target/classes:/home/lisdey/.m2/repository/junit/junit/3.8.1/junit-3.8.1.jar:/home/lisdey/.m2/repository/org/jwebsocket/jWebSocketServer/1.0/jWebSocketServer-1.0.jar:/home/lisdey/.m2/repository/org/jboss/netty/netty/3.2.4.Final/netty-3.2.4.Final.jar:/home/lisdey/.m2/repository/org/eclipse/jetty/jetty-websocket/8.0.0.RC0/jetty-websocket-8.0.0.RC0.jar:/home/lisdey/.m2/repository/org/eclipse/jetty/jetty-server/8.0.0.RC0/jetty-server-8.0.0.RC0.jar:/home/lisdey/.m2/repository/org/mortbay/jetty/servlet-api/3.0.20100224/servlet-api-3.0.20100224.jar:/home/lisdey/.m2/repository/org/eclipse/jetty/jetty-continuation/8.0.0.RC0/jetty-continuation-8.0.0.RC0.jar:/home/lisdey/.m2/repository/org/eclipse/jetty/jetty-http/8.0.0.RC0/jetty-http-8.0.0.RC0.jar:/home/lisdey/.m2/repository/org/eclipse/jetty/jetty-io/8.0.0.RC0/jetty-io-8.0.0.RC0.jar:/home/lisdey/.m2/repository/org/eclipse/jetty/jetty-util/8.0.0.RC0/jetty-util-8.0.0.RC0.jar:/home/lisdey/.m2/repository/org/eclipse/jetty/jetty-servlets/8.0.0.RC0/jetty-servlets-8.0.0.RC0.jar:/home/lisdey/.m2/repository/org/eclipse/jetty/jetty-client/8.0.0.RC0/jetty-client-8.0.0.RC0.jar:/home/lisdey/.m2/repository/org/eclipse/jetty/jetty-servlet/8.0.0.RC0/jetty-servlet-8.0.0.RC0.jar:/home/lisdey/.m2/repository/org/eclipse/jetty/jetty-security/8.0.0.RC0/jetty-security-8.0.0.RC0.jar:/home/lisdey/.m2/repository/org/glassfish/grizzly/grizzly-framework/2.1.8/grizzly-framework-2.1.8.jar:/home/lisdey/.m2/repository/org/glassfish/gmbal/gmbal-api-only/3.0.0-b023/gmbal-api-only-3.0.0-b023.jar:/home/lisdey/.m2/repository/org/glassfish/external/management-api/3.0.0-b012/management-api-3.0.0-b012.jar:/home/lisdey/.m2/repository/org/glassfish/grizzly/grizzly-websockets/2.1.8/grizzly-websockets-2.1.8.jar:/home/lisdey/.m2/repository/org/glassfish/grizzly/grizzly-http/2.1.8/grizzly-http-2.1.8.jar:/home/lisdey/.m2/repository/org/glassfish/grizzly/grizzly-http-server/2.1.8/grizzly-http-server-2.1.8.jar:/home/lisdey/.m2/repository/org/glassfish/grizzly/grizzly-rcm/2.1.8/grizzly-rcm-2.1.8.jar:/home/lisdey/.m2/repository/org/glassfish/grizzly/grizzly-http-servlet/2.1.8/grizzly-http-servlet-2.1.8.jar:/home/lisdey/.m2/repository/mysql/mysql-connector-java/5.1.16/mysql-connector-java-5.1.16.jar:/home/lisdey/.m2/repository/org/xeustechnologies/jcl-core/2.2.2/jcl-core-2.2.2.jar:/home/lisdey/.m2/repository/log4j/log4j/1.2.16/log4j-1.2.16.jar:/home/lisdey/.m2/repository/org/objenesis/objenesis/1.1/objenesis-1.1.jar:/home/lisdey/.m2/repository/cglib/cglib-nodep/2.2/cglib-nodep-2.2.jar:/home/lisdey/.m2/repository/commons-io/commons-io/2.0.1/commons-io-2.0.1.jar:/home/lisdey/.m2/repository/commons-codec/commons-codec/1.5/commons-codec-1.5.jar:/home/lisdey/.m2/repository/org/apache/commons/commons-email/1.2/commons-email-1.2.jar:/home/lisdey/.m2/repository/javax/mail/mail/1.4.1/mail-1.4.1.jar:/home/lisdey/.m2/repository/javax/activation/activation/1.1/activation-1.1.jar:/home/lisdey/.m2/repository/commons-dbcp/commons-dbcp/1.4/commons-dbcp-1.4.jar:/home/lisdey/.m2/repository/commons-pool/commons-pool/1.5.6/commons-pool-1.5.6.jar:/home/lisdey/.m2/repository/org/apache/commons/commons-compress/1.2/commons-compress-1.2.jar:/home/lisdey/.m2/repository/org/twitter4j/twitter4j-core/2.1.12/twitter4j-core-2.1.12.jar:/home/lisdey/.m2/repository/jivesoftware/smackx/3.1.0/smackx-3.1.0.jar:/home/lisdey/.m2/repository/jivesoftware/smack/3.1.0/smack-3.1.0.jar:/home/lisdey/.m2/repository/org/jwebsocket/jWebSocketCommon/1.0/jWebSocketCommon-1.0.jar:/home/lisdey/.m2/repository/org/netbeans/external/json-2/RELEASE65/json-2-RELEASE65.jar:/home/lisdey/.m2/repository/org/codehaus/jackson/jackson-core-asl/1.9.3/jackson-core-asl-1.9.3.jar:/home/lisdey/.m2/repository/org/codehaus/jackson/jackson-mapper-asl/1.9.3/jackson-mapper-asl-1.9.3.jar:/home/lisdey/.m2/repository/javolution/javolution/5.5.1/javolution-5.5.1.jar:/home/lisdey/.m2/repository/commons-lang/commons-lang/2.5/commons-lang-2.5.jar:/home/lisdey/.m2/repository/org/slf4j/slf4j-log4j12/1.5.11/slf4j-log4j12-1.5.11.jar:/home/lisdey/.m2/repository/org/slf4j/slf4j-api/1.5.11/slf4j-api-1.5.11.jar:/home/lisdey/.m2/repository/org/powermock/powermock-api-easymock/1.4.6/powermock-api-easymock-1.4.6.jar:/home/lisdey/.m2/repository/org/powermock/powermock-api-support/1.4.6/powermock-api-support-1.4.6.jar:/home/lisdey/.m2/repository/org/powermock/powermock-core/1.4.6/powermock-core-1.4.6.jar:/home/lisdey/.m2/repository/org/powermock/powermock-reflect/1.4.6/powermock-reflect-1.4.6.jar:/home/lisdey/.m2/repository/org/javassist/javassist/3.13.0-GA/javassist-3.13.0-GA.jar:/home/lisdey/.m2/repository/org/powermock/powermock-module-junit4/1.4.6/powermock-module-junit4-1.4.6.jar:/home/lisdey/.m2/repository/org/powermock/powermock-module-junit4-common/1.4.6/powermock-module-junit4-common-1.4.6.jar:/home/lisdey/.m2/repository/org/easymock/easymock/3.0/easymock-3.0.jar:/home/lisdey/.m2/repository/javax/servlet/servlet-api/2.5/servlet-api-2.5.jar:/home/lisdey/.m2/repository/org/jwebsocket/jWebSocketServerAPI/1.0/jWebSocketServerAPI-1.0.jar:/home/lisdey/.m2/repository/org/jdom/jdom/1.1/jdom-1.1.jar:/home/lisdey/.m2/repository/org/jwebsocket/jWebSocketProxy/1.0/jWebSocketProxy-1.0.jar:/home/lisdey/.m2/repository/org/springframework/spring-core/3.0.5.RELEASE/spring-core-3.0.5.RELEASE.jar:/home/lisdey/.m2/repository/org/springframework/spring-asm/3.0.5.RELEASE/spring-asm-3.0.5.RELEASE.jar:/home/lisdey/.m2/repository/commons-logging/commons-logging/1.1.1/commons-logging-1.1.1.jar:/home/lisdey/.m2/repository/org/springframework/spring-context/3.0.5.RELEASE/spring-context-3.0.5.RELEASE.jar:/home/lisdey/.m2/repository/org/springframework/spring-aop/3.0.5.RELEASE/spring-aop-3.0.5.RELEASE.jar:/home/lisdey/.m2/repository/aopalliance/aopalliance/1.0/aopalliance-1.0.jar:/home/lisdey/.m2/repository/org/springframework/spring-beans/3.0.5.RELEASE/spring-beans-3.0.5.RELEASE.jar:/home/lisdey/.m2/repository/org/springframework/spring-expression/3.0.5.RELEASE/spring-expression-3.0.5.RELEASE.jar:/home/lisdey/.m2/repository/org/springframework/spring-tx/3.0.5.RELEASE/spring-tx-3.0.5.RELEASE.jar:/home/lisdey/.m2/repository/org/springframework/security/spring-security-core/3.0.5.RELEASE/spring-security-core-3.0.5.RELEASE.jar:/home/lisdey/.m2/repository/org/aspectj/aspectjrt/1.6.8/aspectjrt-1.6.8.jar:/home/lisdey/.m2/repository/org/aspectj/aspectjweaver/1.6.8/aspectjweaver-1.6.8.jar:/home/lisdey/.m2/repository/org/springframework/security/spring-security-ldap/3.0.5.RELEASE/spring-security-ldap-3.0.5.RELEASE.jar:/home/lisdey/.m2/repository/org/springframework/ldap/spring-ldap-core/1.3.0.RELEASE/spring-ldap-core-1.3.0.RELEASE.jar:/home/lisdey/.m2/repository/org/springframework/security/spring-security-config/3.0.5.RELEASE/spring-security-config-3.0.5.RELEASE.jar:/home/lisdey/.m2/repository/org/springframework/spring-jdbc/3.0.5.RELEASE/spring-jdbc-3.0.5.RELEASE.jar:/home/lisdey/.m2/repository/org/apache/activemq/activemq-core/5.5.0/activemq-core-5.5.0.jar:/home/lisdey/.m2/repository/org/apache/geronimo/specs/geronimo-jms_1.1_spec/1.1.1/geronimo-jms_1.1_spec-1.1.1.jar:/home/lisdey/.m2/repository/org/apache/activemq/activeio-core/3.1.2/activeio-core-3.1.2.jar:/home/lisdey/.m2/repository/org/apache/geronimo/specs/geronimo-j2ee-management_1.1_spec/1.0.1/geronimo-j2ee-management_1.1_spec-1.0.1.jar:/home/lisdey/.m2/repository/org/apache/activemq/kahadb/5.5.0/kahadb-5.5.0.jar:/home/lisdey/.m2/repository/org/apache/activemq/protobuf/activemq-protobuf/1.1/activemq-protobuf-1.1.jar:/home/lisdey/.m2/repository/org/osgi/org.osgi.core/4.1.0/org.osgi.core-4.1.0.jar:/home/lisdey/.m2/repository/commons-net/commons-net/2.0/commons-net-2.0.jar:/home/lisdey/.m2/repository/org/jasypt/jasypt/1.7/jasypt-1.7.jar:/home/lisdey/.m2/repository/org/springframework/spring-jms/3.0.5.RELEASE/spring-jms-3.0.5.RELEASE.jar:/home/lisdey/.m2/repository/org/apache/xbean/xbean-spring-v2c/2.8/xbean-spring-v2c-2.8.jar:/home/lisdey/.m2/repository/org/springframework/spring/2.0/spring-2.0.jar:/home/lisdey/.m2/repository/org/apache/xbean/xbean-spring-v2/2.8/xbean-spring-v2-2.8.jar:/home/lisdey/.m2/repository/org/apache/xbean/xbean-spring-common/2.8/xbean-spring-common-2.8.jar:/home/lisdey/.m2/repository/spy/memcached/2.5/memcached-2.5.jar:/home/lisdey/.m2/repository/net/sf/ehcache/ehcache-core/2.4.4/ehcache-core-2.4.4.jar:/home/lisdey/.m2/repository/org/mongodb/mongo-java-driver/2.6.3/mongo-java-driver-2.6.3.jar:/home/lisdey/.m2/repository/org/codehaus/groovy/groovy-all/1.8.0/groovy-all-1.8.0.jar:/home/lisdey/.m2/repository/net/sf/jasperreports/jasperreports/4.0.1/jasperreports-4.0.1.jar:/home/lisdey/.m2/repository/commons-beanutils/commons-beanutils/1.8.3/commons-beanutils-1.8.3.jar:/home/lisdey/.m2/repository/commons-collections/commons-collections/3.2.1/commons-collections-3.2.1.jar:/home/lisdey/.m2/repository/commons-digester/commons-digester/2.1/commons-digester-2.1.jar:/home/lisdey/.m2/repository/xml-apis/xml-apis/1.3.02/xml-apis-1.3.02.jar:/home/lisdey/.m2/repository/com/lowagie/itext/2.1.7/itext-2.1.7.jar:/home/lisdey/.m2/repository/bouncycastle/bcmail-jdk14/138/bcmail-jdk14-138.jar:/home/lisdey/.m2/repository/bouncycastle/bcprov-jdk14/138/bcprov-jdk14-138.jar:/home/lisdey/.m2/repository/org/bouncycastle/bctsp-jdk14/1.38/bctsp-jdk14-1.38.jar:/home/lisdey/.m2/repository/org/bouncycastle/bcprov-jdk14/1.38/bcprov-jdk14-1.38.jar:/home/lisdey/.m2/repository/org/bouncycastle/bcmail-jdk14/1.38/bcmail-jdk14-1.38.jar:/home/lisdey/.m2/repository/jfree/jcommon/1.0.15/jcommon-1.0.15.jar:/home/lisdey/.m2/repository/jfree/jfreechart/1.0.12/jfreechart-1.0.12.jar:/home/lisdey/.m2/repository/eclipse/jdtcore/3.1.0/jdtcore-3.1.0.jar:/home/lisdey/.m2/repository/net/sf/jasperreports/jasperreports-fonts/4.0.0/jasperreports-fonts-4.0.0.jar:/home/lisdey/.m2/repository/commons-beanutils/commons-beanutils-core/1.8.3/commons-beanutils-core-1.8.3.jar:/home/lisdey/.m2/repository/org/apache/poi/poi/3.7/poi-3.7.jar:/home/lisdey/.m2/repository/mx4j/mx4j-tools/2.1.1/mx4j-tools-2.1.1.jar:"/>
    <property name="java.specification.name" value="Java Platform API Specification"/>
    <property name="java.class.version" value="51.0"/>
    <property name="sun.management.compiler" value="HotSpot Tiered Compilers"/>
    <property name="os.version" value="2.6.35-30-generic"/>
    <property name="user.home" value="/home/lisdey"/>
    <property name="user.timezone" value=""/>
    <property name="java.awt.printerjob" value="sun.print.PSPrinterJob"/>
    <property name="file.encoding" value="UTF-8"/>
    <property name="java.specification.version" value="1.7"/>
    <property name="user.name" value="lisdey"/>
    <property name="java.class.path" value="/home/lisdey/Escritorio/JwebSocket/Repo/Tesis/Source_Code/JMXPlugIn/JMXPlugIn/target/test-classes:/home/lisdey/Escritorio/JwebSocket/Repo/Tesis/Source_Code/JMXPlugIn/JMXPlugIn/target/classes:/home/lisdey/.m2/repository/junit/junit/3.8.1/junit-3.8.1.jar:/home/lisdey/.m2/repository/org/jwebsocket/jWebSocketServer/1.0/jWebSocketServer-1.0.jar:/home/lisdey/.m2/repository/org/jboss/netty/netty/3.2.4.Final/netty-3.2.4.Final.jar:/home/lisdey/.m2/repository/org/eclipse/jetty/jetty-websocket/8.0.0.RC0/jetty-websocket-8.0.0.RC0.jar:/home/lisdey/.m2/repository/org/eclipse/jetty/jetty-server/8.0.0.RC0/jetty-server-8.0.0.RC0.jar:/home/lisdey/.m2/repository/org/mortbay/jetty/servlet-api/3.0.20100224/servlet-api-3.0.20100224.jar:/home/lisdey/.m2/repository/org/eclipse/jetty/jetty-continuation/8.0.0.RC0/jetty-continuation-8.0.0.RC0.jar:/home/lisdey/.m2/repository/org/eclipse/jetty/jetty-http/8.0.0.RC0/jetty-http-8.0.0.RC0.jar:/home/lisdey/.m2/repository/org/eclipse/jetty/jetty-io/8.0.0.RC0/jetty-io-8.0.0.RC0.jar:/home/lisdey/.m2/repository/org/eclipse/jetty/jetty-util/8.0.0.RC0/jetty-util-8.0.0.RC0.jar:/home/lisdey/.m2/repository/org/eclipse/jetty/jetty-servlets/8.0.0.RC0/jetty-servlets-8.0.0.RC0.jar:/home/lisdey/.m2/repository/org/eclipse/jetty/jetty-client/8.0.0.RC0/jetty-client-8.0.0.RC0.jar:/home/lisdey/.m2/repository/org/eclipse/jetty/jetty-servlet/8.0.0.RC0/jetty-servlet-8.0.0.RC0.jar:/home/lisdey/.m2/repository/org/eclipse/jetty/jetty-security/8.0.0.RC0/jetty-security-8.0.0.RC0.jar:/home/lisdey/.m2/repository/org/glassfish/grizzly/grizzly-framework/2.1.8/grizzly-framework-2.1.8.jar:/home/lisdey/.m2/repository/org/glassfish/gmbal/gmbal-api-only/3.0.0-b023/gmbal-api-only-3.0.0-b023.jar:/home/lisdey/.m2/repository/org/glassfish/external/management-api/3.0.0-b012/management-api-3.0.0-b012.jar:/home/lisdey/.m2/repository/org/glassfish/grizzly/grizzly-websockets/2.1.8/grizzly-websockets-2.1.8.jar:/home/lisdey/.m2/repository/org/glassfish/grizzly/grizzly-http/2.1.8/grizzly-http-2.1.8.jar:/home/lisdey/.m2/repository/org/glassfish/grizzly/grizzly-http-server/2.1.8/grizzly-http-server-2.1.8.jar:/home/lisdey/.m2/repository/org/glassfish/grizzly/grizzly-rcm/2.1.8/grizzly-rcm-2.1.8.jar:/home/lisdey/.m2/repository/org/glassfish/grizzly/grizzly-http-servlet/2.1.8/grizzly-http-servlet-2.1.8.jar:/home/lisdey/.m2/repository/mysql/mysql-connector-java/5.1.16/mysql-connector-java-5.1.16.jar:/home/lisdey/.m2/repository/org/xeustechnologies/jcl-core/2.2.2/jcl-core-2.2.2.jar:/home/lisdey/.m2/repository/log4j/log4j/1.2.16/log4j-1.2.16.jar:/home/lisdey/.m2/repository/org/objenesis/objenesis/1.1/objenesis-1.1.jar:/home/lisdey/.m2/repository/cglib/cglib-nodep/2.2/cglib-nodep-2.2.jar:/home/lisdey/.m2/repository/commons-io/commons-io/2.0.1/commons-io-2.0.1.jar:/home/lisdey/.m2/repository/commons-codec/commons-codec/1.5/commons-codec-1.5.jar:/home/lisdey/.m2/repository/org/apache/commons/commons-email/1.2/commons-email-1.2.jar:/home/lisdey/.m2/repository/javax/mail/mail/1.4.1/mail-1.4.1.jar:/home/lisdey/.m2/repository/javax/activation/activation/1.1/activation-1.1.jar:/home/lisdey/.m2/repository/commons-dbcp/commons-dbcp/1.4/commons-dbcp-1.4.jar:/home/lisdey/.m2/repository/commons-pool/commons-pool/1.5.6/commons-pool-1.5.6.jar:/home/lisdey/.m2/repository/org/apache/commons/commons-compress/1.2/commons-compress-1.2.jar:/home/lisdey/.m2/repository/org/twitter4j/twitter4j-core/2.1.12/twitter4j-core-2.1.12.jar:/home/lisdey/.m2/repository/jivesoftware/smackx/3.1.0/smackx-3.1.0.jar:/home/lisdey/.m2/repository/jivesoftware/smack/3.1.0/smack-3.1.0.jar:/home/lisdey/.m2/repository/org/jwebsocket/jWebSocketCommon/1.0/jWebSocketCommon-1.0.jar:/home/lisdey/.m2/repository/org/netbeans/external/json-2/RELEASE65/json-2-RELEASE65.jar:/home/lisdey/.m2/repository/org/codehaus/jackson/jackson-core-asl/1.9.3/jackson-core-asl-1.9.3.jar:/home/lisdey/.m2/repository/org/codehaus/jackson/jackson-mapper-asl/1.9.3/jackson-mapper-asl-1.9.3.jar:/home/lisdey/.m2/repository/javolution/javolution/5.5.1/javolution-5.5.1.jar:/home/lisdey/.m2/repository/commons-lang/commons-lang/2.5/commons-lang-2.5.jar:/home/lisdey/.m2/repository/org/slf4j/slf4j-log4j12/1.5.11/slf4j-log4j12-1.5.11.jar:/home/lisdey/.m2/repository/org/slf4j/slf4j-api/1.5.11/slf4j-api-1.5.11.jar:/home/lisdey/.m2/repository/org/powermock/powermock-api-easymock/1.4.6/powermock-api-easymock-1.4.6.jar:/home/lisdey/.m2/repository/org/powermock/powermock-api-support/1.4.6/powermock-api-support-1.4.6.jar:/home/lisdey/.m2/repository/org/powermock/powermock-core/1.4.6/powermock-core-1.4.6.jar:/home/lisdey/.m2/repository/org/powermock/powermock-reflect/1.4.6/powermock-reflect-1.4.6.jar:/home/lisdey/.m2/repository/org/javassist/javassist/3.13.0-GA/javassist-3.13.0-GA.jar:/home/lisdey/.m2/repository/org/powermock/powermock-module-junit4/1.4.6/powermock-module-junit4-1.4.6.jar:/home/lisdey/.m2/repository/org/powermock/powermock-module-junit4-common/1.4.6/powermock-module-junit4-common-1.4.6.jar:/home/lisdey/.m2/repository/org/easymock/easymock/3.0/easymock-3.0.jar:/home/lisdey/.m2/repository/javax/servlet/servlet-api/2.5/servlet-api-2.5.jar:/home/lisdey/.m2/repository/org/jwebsocket/jWebSocketServerAPI/1.0/jWebSocketServerAPI-1.0.jar:/home/lisdey/.m2/repository/org/jdom/jdom/1.1/jdom-1.1.jar:/home/lisdey/.m2/repository/org/jwebsocket/jWebSocketProxy/1.0/jWebSocketProxy-1.0.jar:/home/lisdey/.m2/repository/org/springframework/spring-core/3.0.5.RELEASE/spring-core-3.0.5.RELEASE.jar:/home/lisdey/.m2/repository/org/springframework/spring-asm/3.0.5.RELEASE/spring-asm-3.0.5.RELEASE.jar:/home/lisdey/.m2/repository/commons-logging/commons-logging/1.1.1/commons-logging-1.1.1.jar:/home/lisdey/.m2/repository/org/springframework/spring-context/3.0.5.RELEASE/spring-context-3.0.5.RELEASE.jar:/home/lisdey/.m2/repository/org/springframework/spring-aop/3.0.5.RELEASE/spring-aop-3.0.5.RELEASE.jar:/home/lisdey/.m2/repository/aopalliance/aopalliance/1.0/aopalliance-1.0.jar:/home/lisdey/.m2/repository/org/springframework/spring-beans/3.0.5.RELEASE/spring-beans-3.0.5.RELEASE.jar:/home/lisdey/.m2/repository/org/springframework/spring-expression/3.0.5.RELEASE/spring-expression-3.0.5.RELEASE.jar:/home/lisdey/.m2/repository/org/springframework/spring-tx/3.0.5.RELEASE/spring-tx-3.0.5.RELEASE.jar:/home/lisdey/.m2/repository/org/springframework/security/spring-security-core/3.0.5.RELEASE/spring-security-core-3.0.5.RELEASE.jar:/home/lisdey/.m2/repository/org/aspectj/aspectjrt/1.6.8/aspectjrt-1.6.8.jar:/home/lisdey/.m2/repository/org/aspectj/aspectjweaver/1.6.8/aspectjweaver-1.6.8.jar:/home/lisdey/.m2/repository/org/springframework/security/spring-security-ldap/3.0.5.RELEASE/spring-security-ldap-3.0.5.RELEASE.jar:/home/lisdey/.m2/repository/org/springframework/ldap/spring-ldap-core/1.3.0.RELEASE/spring-ldap-core-1.3.0.RELEASE.jar:/home/lisdey/.m2/repository/org/springframework/security/spring-security-config/3.0.5.RELEASE/spring-security-config-3.0.5.RELEASE.jar:/home/lisdey/.m2/repository/org/springframework/spring-jdbc/3.0.5.RELEASE/spring-jdbc-3.0.5.RELEASE.jar:/home/lisdey/.m2/repository/org/apache/activemq/activemq-core/5.5.0/activemq-core-5.5.0.jar:/home/lisdey/.m2/repository/org/apache/geronimo/specs/geronimo-jms_1.1_spec/1.1.1/geronimo-jms_1.1_spec-1.1.1.jar:/home/lisdey/.m2/repository/org/apache/activemq/activeio-core/3.1.2/activeio-core-3.1.2.jar:/home/lisdey/.m2/repository/org/apache/geronimo/specs/geronimo-j2ee-management_1.1_spec/1.0.1/geronimo-j2ee-management_1.1_spec-1.0.1.jar:/home/lisdey/.m2/repository/org/apache/activemq/kahadb/5.5.0/kahadb-5.5.0.jar:/home/lisdey/.m2/repository/org/apache/activemq/protobuf/activemq-protobuf/1.1/activemq-protobuf-1.1.jar:/home/lisdey/.m2/repository/org/osgi/org.osgi.core/4.1.0/org.osgi.core-4.1.0.jar:/home/lisdey/.m2/repository/commons-net/commons-net/2.0/commons-net-2.0.jar:/home/lisdey/.m2/repository/org/jasypt/jasypt/1.7/jasypt-1.7.jar:/home/lisdey/.m2/repository/org/springframework/spring-jms/3.0.5.RELEASE/spring-jms-3.0.5.RELEASE.jar:/home/lisdey/.m2/repository/org/apache/xbean/xbean-spring-v2c/2.8/xbean-spring-v2c-2.8.jar:/home/lisdey/.m2/repository/org/springframework/spring/2.0/spring-2.0.jar:/home/lisdey/.m2/repository/org/apache/xbean/xbean-spring-v2/2.8/xbean-spring-v2-2.8.jar:/home/lisdey/.m2/repository/org/apache/xbean/xbean-spring-common/2.8/xbean-spring-common-2.8.jar:/home/lisdey/.m2/repository/spy/memcached/2.5/memcached-2.5.jar:/home/lisdey/.m2/repository/net/sf/ehcache/ehcache-core/2.4.4/ehcache-core-2.4.4.jar:/home/lisdey/.m2/repository/org/mongodb/mongo-java-driver/2.6.3/mongo-java-driver-2.6.3.jar:/home/lisdey/.m2/repository/org/codehaus/groovy/groovy-all/1.8.0/groovy-all-1.8.0.jar:/home/lisdey/.m2/repository/net/sf/jasperreports/jasperreports/4.0.1/jasperreports-4.0.1.jar:/home/lisdey/.m2/repository/commons-beanutils/commons-beanutils/1.8.3/commons-beanutils-1.8.3.jar:/home/lisdey/.m2/repository/commons-collections/commons-collections/3.2.1/commons-collections-3.2.1.jar:/home/lisdey/.m2/repository/commons-digester/commons-digester/2.1/commons-digester-2.1.jar:/home/lisdey/.m2/repository/xml-apis/xml-apis/1.3.02/xml-apis-1.3.02.jar:/home/lisdey/.m2/repository/com/lowagie/itext/2.1.7/itext-2.1.7.jar:/home/lisdey/.m2/repository/bouncycastle/bcmail-jdk14/138/bcmail-jdk14-138.jar:/home/lisdey/.m2/repository/bouncycastle/bcprov-jdk14/138/bcprov-jdk14-138.jar:/home/lisdey/.m2/repository/org/bouncycastle/bctsp-jdk14/1.38/bctsp-jdk14-1.38.jar:/home/lisdey/.m2/repository/org/bouncycastle/bcprov-jdk14/1.38/bcprov-jdk14-1.38.jar:/home/lisdey/.m2/repository/org/bouncycastle/bcmail-jdk14/1.38/bcmail-jdk14-1.38.jar:/home/lisdey/.m2/repository/jfree/jcommon/1.0.15/jcommon-1.0.15.jar:/home/lisdey/.m2/repository/jfree/jfreechart/1.0.12/jfreechart-1.0.12.jar:/home/lisdey/.m2/repository/eclipse/jdtcore/3.1.0/jdtcore-3.1.0.jar:/home/lisdey/.m2/repository/net/sf/jasperreports/jasperreports-fonts/4.0.0/jasperreports-fonts-4.0.0.jar:/home/lisdey/.m2/repository/commons-beanutils/commons-beanutils-core/1.8.3/commons-beanutils-core-1.8.3.jar:/home/lisdey/.m2/repository/org/apache/poi/poi/3.7/poi-3.7.jar:/home/lisdey/.m2/repository/mx4j/mx4j-tools/2.1.1/mx4j-tools-2.1.1.jar:"/>
    <property name="java.vm.specification.version" value="1.7"/>
    <property name="sun.arch.data.model" value="32"/>
    <property name="java.home" value="/usr/lib/jvm/java-7-openjdk-i386/jre"/>
    <property name="sun.java.command" value="/tmp/surefirebooter2342953049089999374.jar /tmp/surefire7410333138241254074tmp /tmp/surefire2421901773667955655tmp"/>
    <property name="java.specification.vendor" value="Oracle Corporation"/>
    <property name="user.language" value="es"/>
    <property name="awt.toolkit" value="sun.awt.X11.XToolkit"/>
    <property name="java.vm.info" value="mixed mode"/>
    <property name="java.version" value="1.7.0_147-icedtea"/>
    <property name="java.ext.dirs" value="/usr/lib/jvm/java-7-openjdk-i386/jre/lib/ext:/usr/java/packages/lib/ext"/>
    <property name="sun.boot.class.path" value="/usr/lib/jvm/java-7-openjdk-i386/jre/lib/resources.jar:/usr/lib/jvm/java-7-openjdk-i386/jre/lib/rt.jar:/usr/lib/jvm/java-7-openjdk-i386/jre/lib/sunrsasign.jar:/usr/lib/jvm/java-7-openjdk-i386/jre/lib/jsse.jar:/usr/lib/jvm/java-7-openjdk-i386/jre/lib/jce.jar:/usr/lib/jvm/java-7-openjdk-i386/jre/lib/charsets.jar:/usr/lib/jvm/java-7-openjdk-i386/jre/lib/netx.jar:/usr/lib/jvm/java-7-openjdk-i386/jre/lib/plugin.jar:/usr/lib/jvm/java-7-openjdk-i386/jre/lib/rhino.jar:/usr/lib/jvm/java-7-openjdk-i386/jre/classes"/>
    <property name="java.vendor" value="Oracle Corporation"/>
    <property name="localRepository" value="/home/lisdey/.m2/repository"/>
    <property name="file.separator" value="/"/>
    <property name="java.vendor.url.bug" value="http://bugreport.sun.com/bugreport/"/>
    <property name="sun.cpu.endian" value="little"/>
    <property name="sun.io.unicode.encoding" value="UnicodeLittle"/>
    <property name="sun.desktop" value="gnome"/>
    <property name="sun.cpu.isalist" value=""/>
  </properties>
  <testcase time="0.002" classname="org.jwebsocket.plugins.jmx.AppTest" name="testApp"/>
</testsuite>