<?xml version="1.0" encoding="UTF-8" ?>
<testsuite failures="0" time="0.161" errors="0" skipped="0" tests="19" name="org.jwebsocket.watchdog.notifier.MailNotifierTest">
  <properties>
    <property name="java.runtime.name" value="Java(TM) SE Runtime Environment"/>
    <property name="sun.boot.library.path" value="C:\Program Files\Java\jdk1.7.0\jre\bin"/>
    <property name="java.vm.version" value="21.0-b17"/>
    <property name="java.vm.vendor" value="Oracle Corporation"/>
    <property name="java.vendor.url" value="http://java.oracle.com/"/>
    <property name="path.separator" value=";"/>
    <property name="java.vm.name" value="Java HotSpot(TM) Client VM"/>
    <property name="file.encoding.pkg" value="sun.io"/>
    <property name="user.script" value=""/>
    <property name="user.country" value="US"/>
    <property name="sun.java.launcher" value="SUN_STANDARD"/>
    <property name="sun.os.patch.level" value="Service Pack 1"/>
    <property name="java.vm.specification.name" value="Java Virtual Machine Specification"/>
    <property name="user.dir" value="C:\Users\Lester\Desktop\SVN\trunk\Thesis_Projects\Watchdogs_Lester\Source_Code\WatchDog\jWebSocketWatchDogClient 1.0"/>
    <property name="java.runtime.version" value="1.7.0-b147"/>
    <property name="java.awt.graphicsenv" value="sun.awt.Win32GraphicsEnvironment"/>
    <property name="basedir" value="C:\Users\Lester\Desktop\SVN\trunk\Thesis_Projects\Watchdogs_Lester\Source_Code\WatchDog\jWebSocketWatchDogClient 1.0"/>
    <property name="java.endorsed.dirs" value="C:\Program Files\Java\jdk1.7.0\jre\lib\endorsed"/>
    <property name="os.arch" value="x86"/>
    <property name="surefire.real.class.path" value="C:\Users\Lester\AppData\Local\Temp\surefirebooter3169720182046078504.jar"/>
    <property name="java.io.tmpdir" value="C:\Users\Lester\AppData\Local\Temp\"/>
    <property name="line.separator" value="
"/>
    <property name="java.vm.specification.vendor" value="Oracle Corporation"/>
    <property name="user.variant" value=""/>
    <property name="os.name" value="Windows 7"/>
    <property name="sun.jnu.encoding" value="Cp1252"/>
    <property name="java.library.path" value="C:\Program Files\Java\jdk1.7.0\jre\bin;C:\Windows\Sun\Java\bin;C:\Windows\system32;C:\Windows;C:\Windows\system32;C:\Windows;C:\Windows\System32\Wbem;C:\Windows\System32\WindowsPowerShell\v1.0\;C:\Program Files\Apache Software Foundation\Maven\bin;C:\Program Files\Java\jdk1.7.0\bin;D:\Cosas de Lester\Instaladores\mongodb-win32-i386-2.0.4\mongodb-win32-i386-2.0.4\bin;C:\Program Files\TortoiseSVN\bin;."/>
    <property name="surefire.test.class.path" value="C:\Users\Lester\Desktop\SVN\trunk\Thesis_Projects\Watchdogs_Lester\Source_Code\WatchDog\jWebSocketWatchDogClient 1.0\target\test-classes;C:\Users\Lester\Desktop\SVN\trunk\Thesis_Projects\Watchdogs_Lester\Source_Code\WatchDog\jWebSocketWatchDogClient 1.0\target\classes;C:\Users\Lester\.m2\repository\junit\junit\3.8.1\junit-3.8.1.jar;C:\Users\Lester\.m2\repository\org\jwebsocket\watchdogcommon\1.0\watchdogcommon-1.0.jar;C:\Users\Lester\.m2\repository\org\jwebsocket\jWebSocketJavaSEClient\1.0\jWebSocketJavaSEClient-1.0.jar;C:\Users\Lester\.m2\repository\commons-codec\commons-codec\1.4\commons-codec-1.4.jar;C:\Users\Lester\.m2\repository\org\jboss\netty\netty\3.2.4.Final\netty-3.2.4.Final.jar;C:\Users\Lester\.m2\repository\org\jwebsocket\jWebSocketCommon\1.0\jWebSocketCommon-1.0.jar;C:\Users\Lester\.m2\repository\org\netbeans\external\json-2\RELEASE65\json-2-RELEASE65.jar;C:\Users\Lester\.m2\repository\org\codehaus\jackson\jackson-core-asl\1.9.3\jackson-core-asl-1.9.3.jar;C:\Users\Lester\.m2\repository\org\codehaus\jackson\jackson-mapper-asl\1.9.3\jackson-mapper-asl-1.9.3.jar;C:\Users\Lester\.m2\repository\javolution\javolution\5.5.1\javolution-5.5.1.jar;C:\Users\Lester\.m2\repository\commons-lang\commons-lang\2.5\commons-lang-2.5.jar;C:\Users\Lester\.m2\repository\org\slf4j\slf4j-log4j12\1.5.11\slf4j-log4j12-1.5.11.jar;C:\Users\Lester\.m2\repository\org\slf4j\slf4j-api\1.5.11\slf4j-api-1.5.11.jar;C:\Users\Lester\.m2\repository\log4j\log4j\1.2.16\log4j-1.2.16.jar;C:\Users\Lester\.m2\repository\org\powermock\powermock-api-easymock\1.4.6\powermock-api-easymock-1.4.6.jar;C:\Users\Lester\.m2\repository\org\powermock\powermock-api-support\1.4.6\powermock-api-support-1.4.6.jar;C:\Users\Lester\.m2\repository\org\powermock\powermock-core\1.4.6\powermock-core-1.4.6.jar;C:\Users\Lester\.m2\repository\org\powermock\powermock-reflect\1.4.6\powermock-reflect-1.4.6.jar;C:\Users\Lester\.m2\repository\org\objenesis\objenesis\1.2\objenesis-1.2.jar;C:\Users\Lester\.m2\repository\org\javassist\javassist\3.13.0-GA\javassist-3.13.0-GA.jar;C:\Users\Lester\.m2\repository\org\powermock\powermock-module-junit4\1.4.6\powermock-module-junit4-1.4.6.jar;C:\Users\Lester\.m2\repository\org\powermock\powermock-module-junit4-common\1.4.6\powermock-module-junit4-common-1.4.6.jar;C:\Users\Lester\.m2\repository\org\easymock\easymock\3.0\easymock-3.0.jar;C:\Users\Lester\.m2\repository\cglib\cglib-nodep\2.2\cglib-nodep-2.2.jar;C:\Users\Lester\.m2\repository\javax\servlet\servlet-api\2.5\servlet-api-2.5.jar;C:\Users\Lester\.m2\repository\org\jwebsocket\jWebSocketClientAPI\1.0\jWebSocketClientAPI-1.0.jar;C:\Users\Lester\.m2\repository\org\mongodb\mongo-java-driver\2.6.3\mongo-java-driver-2.6.3.jar;C:\Users\Lester\.m2\repository\org\apache\commons\commons-email\1.1\commons-email-1.1.jar;C:\Users\Lester\.m2\repository\javax\mail\mail\1.4\mail-1.4.jar;C:\Users\Lester\.m2\repository\javax\activation\activation\1.1\activation-1.1.jar;C:\Users\Lester\.m2\repository\org\springframework\spring-core\3.0.5.RELEASE\spring-core-3.0.5.RELEASE.jar;C:\Users\Lester\.m2\repository\org\springframework\spring-asm\3.0.5.RELEASE\spring-asm-3.0.5.RELEASE.jar;C:\Users\Lester\.m2\repository\commons-logging\commons-logging\1.1.1\commons-logging-1.1.1.jar;C:\Users\Lester\.m2\repository\org\springframework\spring-context\3.0.5.RELEASE\spring-context-3.0.5.RELEASE.jar;C:\Users\Lester\.m2\repository\org\springframework\spring-aop\3.0.5.RELEASE\spring-aop-3.0.5.RELEASE.jar;C:\Users\Lester\.m2\repository\aopalliance\aopalliance\1.0\aopalliance-1.0.jar;C:\Users\Lester\.m2\repository\org\springframework\spring-beans\3.0.5.RELEASE\spring-beans-3.0.5.RELEASE.jar;C:\Users\Lester\.m2\repository\org\springframework\spring-expression\3.0.5.RELEASE\spring-expression-3.0.5.RELEASE.jar;C:\Users\Lester\.m2\repository\org\springframework\spring-tx\3.0.5.RELEASE\spring-tx-3.0.5.RELEASE.jar;C:\Users\Lester\.m2\repository\org\springframework\security\spring-security-core\3.0.5.RELEASE\spring-security-core-3.0.5.RELEASE.jar;C:\Users\Lester\.m2\repository\org\aspectj\aspectjrt\1.6.8\aspectjrt-1.6.8.jar;C:\Users\Lester\.m2\repository\org\aspectj\aspectjweaver\1.6.8\aspectjweaver-1.6.8.jar;"/>
    <property name="java.specification.name" value="Java Platform API Specification"/>
    <property name="java.class.version" value="51.0"/>
    <property name="sun.management.compiler" value="HotSpot Client Compiler"/>
    <property name="os.version" value="6.1"/>
    <property name="user.home" value="C:\Users\Lester"/>
    <property name="user.timezone" value="America/Los_Angeles"/>
    <property name="java.awt.printerjob" value="sun.awt.windows.WPrinterJob"/>
    <property name="java.specification.version" value="1.7"/>
    <property name="file.encoding" value="Cp1252"/>
    <property name="user.name" value="Lester"/>
    <property name="java.class.path" value="C:\Users\Lester\Desktop\SVN\trunk\Thesis_Projects\Watchdogs_Lester\Source_Code\WatchDog\jWebSocketWatchDogClient 1.0\target\test-classes;C:\Users\Lester\Desktop\SVN\trunk\Thesis_Projects\Watchdogs_Lester\Source_Code\WatchDog\jWebSocketWatchDogClient 1.0\target\classes;C:\Users\Lester\.m2\repository\junit\junit\3.8.1\junit-3.8.1.jar;C:\Users\Lester\.m2\repository\org\jwebsocket\watchdogcommon\1.0\watchdogcommon-1.0.jar;C:\Users\Lester\.m2\repository\org\jwebsocket\jWebSocketJavaSEClient\1.0\jWebSocketJavaSEClient-1.0.jar;C:\Users\Lester\.m2\repository\commons-codec\commons-codec\1.4\commons-codec-1.4.jar;C:\Users\Lester\.m2\repository\org\jboss\netty\netty\3.2.4.Final\netty-3.2.4.Final.jar;C:\Users\Lester\.m2\repository\org\jwebsocket\jWebSocketCommon\1.0\jWebSocketCommon-1.0.jar;C:\Users\Lester\.m2\repository\org\netbeans\external\json-2\RELEASE65\json-2-RELEASE65.jar;C:\Users\Lester\.m2\repository\org\codehaus\jackson\jackson-core-asl\1.9.3\jackson-core-asl-1.9.3.jar;C:\Users\Lester\.m2\repository\org\codehaus\jackson\jackson-mapper-asl\1.9.3\jackson-mapper-asl-1.9.3.jar;C:\Users\Lester\.m2\repository\javolution\javolution\5.5.1\javolution-5.5.1.jar;C:\Users\Lester\.m2\repository\commons-lang\commons-lang\2.5\commons-lang-2.5.jar;C:\Users\Lester\.m2\repository\org\slf4j\slf4j-log4j12\1.5.11\slf4j-log4j12-1.5.11.jar;C:\Users\Lester\.m2\repository\org\slf4j\slf4j-api\1.5.11\slf4j-api-1.5.11.jar;C:\Users\Lester\.m2\repository\log4j\log4j\1.2.16\log4j-1.2.16.jar;C:\Users\Lester\.m2\repository\org\powermock\powermock-api-easymock\1.4.6\powermock-api-easymock-1.4.6.jar;C:\Users\Lester\.m2\repository\org\powermock\powermock-api-support\1.4.6\powermock-api-support-1.4.6.jar;C:\Users\Lester\.m2\repository\org\powermock\powermock-core\1.4.6\powermock-core-1.4.6.jar;C:\Users\Lester\.m2\repository\org\powermock\powermock-reflect\1.4.6\powermock-reflect-1.4.6.jar;C:\Users\Lester\.m2\repository\org\objenesis\objenesis\1.2\objenesis-1.2.jar;C:\Users\Lester\.m2\repository\org\javassist\javassist\3.13.0-GA\javassist-3.13.0-GA.jar;C:\Users\Lester\.m2\repository\org\powermock\powermock-module-junit4\1.4.6\powermock-module-junit4-1.4.6.jar;C:\Users\Lester\.m2\repository\org\powermock\powermock-module-junit4-common\1.4.6\powermock-module-junit4-common-1.4.6.jar;C:\Users\Lester\.m2\repository\org\easymock\easymock\3.0\easymock-3.0.jar;C:\Users\Lester\.m2\repository\cglib\cglib-nodep\2.2\cglib-nodep-2.2.jar;C:\Users\Lester\.m2\repository\javax\servlet\servlet-api\2.5\servlet-api-2.5.jar;C:\Users\Lester\.m2\repository\org\jwebsocket\jWebSocketClientAPI\1.0\jWebSocketClientAPI-1.0.jar;C:\Users\Lester\.m2\repository\org\mongodb\mongo-java-driver\2.6.3\mongo-java-driver-2.6.3.jar;C:\Users\Lester\.m2\repository\org\apache\commons\commons-email\1.1\commons-email-1.1.jar;C:\Users\Lester\.m2\repository\javax\mail\mail\1.4\mail-1.4.jar;C:\Users\Lester\.m2\repository\javax\activation\activation\1.1\activation-1.1.jar;C:\Users\Lester\.m2\repository\org\springframework\spring-core\3.0.5.RELEASE\spring-core-3.0.5.RELEASE.jar;C:\Users\Lester\.m2\repository\org\springframework\spring-asm\3.0.5.RELEASE\spring-asm-3.0.5.RELEASE.jar;C:\Users\Lester\.m2\repository\commons-logging\commons-logging\1.1.1\commons-logging-1.1.1.jar;C:\Users\Lester\.m2\repository\org\springframework\spring-context\3.0.5.RELEASE\spring-context-3.0.5.RELEASE.jar;C:\Users\Lester\.m2\repository\org\springframework\spring-aop\3.0.5.RELEASE\spring-aop-3.0.5.RELEASE.jar;C:\Users\Lester\.m2\repository\aopalliance\aopalliance\1.0\aopalliance-1.0.jar;C:\Users\Lester\.m2\repository\org\springframework\spring-beans\3.0.5.RELEASE\spring-beans-3.0.5.RELEASE.jar;C:\Users\Lester\.m2\repository\org\springframework\spring-expression\3.0.5.RELEASE\spring-expression-3.0.5.RELEASE.jar;C:\Users\Lester\.m2\repository\org\springframework\spring-tx\3.0.5.RELEASE\spring-tx-3.0.5.RELEASE.jar;C:\Users\Lester\.m2\repository\org\springframework\security\spring-security-core\3.0.5.RELEASE\spring-security-core-3.0.5.RELEASE.jar;C:\Users\Lester\.m2\repository\org\aspectj\aspectjrt\1.6.8\aspectjrt-1.6.8.jar;C:\Users\Lester\.m2\repository\org\aspectj\aspectjweaver\1.6.8\aspectjweaver-1.6.8.jar;"/>
    <property name="java.vm.specification.version" value="1.7"/>
    <property name="sun.arch.data.model" value="32"/>
    <property name="java.home" value="C:\Program Files\Java\jdk1.7.0\jre"/>
    <property name="sun.java.command" value="C:\Users\Lester\AppData\Local\Temp\surefirebooter3169720182046078504.jar C:\Users\Lester\AppData\Local\Temp\surefire2590064756342119045tmp C:\Users\Lester\AppData\Local\Temp\surefire6547254584459265710tmp"/>
    <property name="java.specification.vendor" value="Oracle Corporation"/>
    <property name="user.language" value="en"/>
    <property name="awt.toolkit" value="sun.awt.windows.WToolkit"/>
    <property name="java.vm.info" value="mixed mode, sharing"/>
    <property name="java.version" value="1.7.0"/>
    <property name="java.ext.dirs" value="C:\Program Files\Java\jdk1.7.0\jre\lib\ext;C:\Windows\Sun\Java\lib\ext"/>
    <property name="sun.boot.class.path" value="C:\Program Files\Java\jdk1.7.0\jre\lib\resources.jar;C:\Program Files\Java\jdk1.7.0\jre\lib\rt.jar;C:\Program Files\Java\jdk1.7.0\jre\lib\sunrsasign.jar;C:\Program Files\Java\jdk1.7.0\jre\lib\jsse.jar;C:\Program Files\Java\jdk1.7.0\jre\lib\jce.jar;C:\Program Files\Java\jdk1.7.0\jre\lib\charsets.jar;C:\Program Files\Java\jdk1.7.0\jre\classes"/>
    <property name="java.vendor" value="Oracle Corporation"/>
    <property name="localRepository" value="C:\Users\Lester\.m2\repository"/>
    <property name="file.separator" value="\"/>
    <property name="java.vendor.url.bug" value="http://bugreport.sun.com/bugreport/"/>
    <property name="sun.cpu.endian" value="little"/>
    <property name="sun.io.unicode.encoding" value="UnicodeLittle"/>
    <property name="sun.desktop" value="windows"/>
    <property name="sun.cpu.isalist" value="pentium_pro+mmx pentium_pro pentium+mmx pentium i486 i386 i86"/>
  </properties>
  <testcase time="0.014" classname="org.jwebsocket.watchdog.notifier.MailNotifierTest" name="testSetUsersList"/>
  <testcase time="0" classname="org.jwebsocket.watchdog.notifier.MailNotifierTest" name="testGetDescription"/>
  <testcase time="0" classname="org.jwebsocket.watchdog.notifier.MailNotifierTest" name="testSetDescription"/>
  <testcase time="0" classname="org.jwebsocket.watchdog.notifier.MailNotifierTest" name="testSetSubject"/>
  <testcase time="0" classname="org.jwebsocket.watchdog.notifier.MailNotifierTest" name="testSetHostName"/>
  <testcase time="0" classname="org.jwebsocket.watchdog.notifier.MailNotifierTest" name="testGetUsersList"/>
  <testcase time="0" classname="org.jwebsocket.watchdog.notifier.MailNotifierTest" name="testGetSubject"/>
  <testcase time="0" classname="org.jwebsocket.watchdog.notifier.MailNotifierTest" name="testGetHostName"/>
  <testcase time="0" classname="org.jwebsocket.watchdog.notifier.MailNotifierTest" name="testInitialize"/>
  <testcase time="0.001" classname="org.jwebsocket.watchdog.notifier.MailNotifierTest" name="testSetId"/>
  <testcase time="0" classname="org.jwebsocket.watchdog.notifier.MailNotifierTest" name="testGetId"/>
  <testcase time="0" classname="org.jwebsocket.watchdog.notifier.MailNotifierTest" name="testSetPort"/>
  <testcase time="0" classname="org.jwebsocket.watchdog.notifier.MailNotifierTest" name="testGetTo"/>
  <testcase time="0" classname="org.jwebsocket.watchdog.notifier.MailNotifierTest" name="testSetFrom"/>
  <testcase time="0" classname="org.jwebsocket.watchdog.notifier.MailNotifierTest" name="testGetPort"/>
  <testcase time="0" classname="org.jwebsocket.watchdog.notifier.MailNotifierTest" name="testGetFrom"/>
  <testcase time="0.001" classname="org.jwebsocket.watchdog.notifier.MailNotifierTest" name="testSetTo"/>
  <testcase time="0.114" classname="org.jwebsocket.watchdog.notifier.MailNotifierTest" name="testNotify"/>
  <testcase time="0.001" classname="org.jwebsocket.watchdog.notifier.MailNotifierTest" name="testShutdown"/>
</testsuite>