<?xml version="1.0" encoding="UTF-8" ?>
<testsuite failures="0" time="0.131" errors="0" skipped="0" tests="19" name="org.jwebsocket.watchdog.notifier.MailNotifierTest">
  <properties>
    <property name="java.runtime.name" value="Java(TM) SE Runtime Environment"/>
    <property name="sun.boot.library.path" value="/usr/lib/jvm/java-6-sun-1.6.0.22/jre/lib/i386"/>
    <property name="java.vm.version" value="17.1-b03"/>
    <property name="java.vm.vendor" value="Sun Microsystems Inc."/>
    <property name="java.vendor.url" value="http://java.sun.com/"/>
    <property name="path.separator" value=":"/>
    <property name="java.vm.name" value="Java HotSpot(TM) Server VM"/>
    <property name="file.encoding.pkg" value="sun.io"/>
    <property name="user.country" value="US"/>
    <property name="sun.java.launcher" value="SUN_STANDARD"/>
    <property name="sun.os.patch.level" value="unknown"/>
    <property name="java.vm.specification.name" value="Java Virtual Machine Specification"/>
    <property name="user.dir" value="/home/lester/Desktop/SVN/trunk/Thesis_Projects/Watchdogs_Lester/Source_Code/WatchDog/watchdogclient"/>
    <property name="java.runtime.version" value="1.6.0_22-b04"/>
    <property name="java.awt.graphicsenv" value="sun.awt.X11GraphicsEnvironment"/>
    <property name="basedir" value="/home/lester/Desktop/SVN/trunk/Thesis_Projects/Watchdogs_Lester/Source_Code/WatchDog/watchdogclient"/>
    <property name="java.endorsed.dirs" value="/usr/lib/jvm/java-6-sun-1.6.0.22/jre/lib/endorsed"/>
    <property name="os.arch" value="i386"/>
    <property name="surefire.real.class.path" value="/tmp/surefirebooter4896023547267668979.jar"/>
    <property name="java.io.tmpdir" value="/tmp"/>
    <property name="line.separator" value="
"/>
    <property name="java.vm.specification.vendor" value="Sun Microsystems Inc."/>
    <property name="os.name" value="Linux"/>
    <property name="sun.jnu.encoding" value="UTF-8"/>
    <property name="java.library.path" value="/usr/lib/jvm/java-6-sun-1.6.0.22/jre/lib/i386/server:/usr/lib/jvm/java-6-sun-1.6.0.22/jre/lib/i386:/usr/lib/jvm/java-6-sun-1.6.0.22/jre/../lib/i386:/usr/lib/jvm/java-6-sun-1.6.0.22/jre/lib/i386/client:/usr/lib/jvm/java-6-sun-1.6.0.22/jre/lib/i386:/usr/lib/jvm/java-6-sun-1.6.0.22/jre/../lib/i386:/usr/java/packages/lib/i386:/lib:/usr/lib"/>
    <property name="surefire.test.class.path" value="/home/lester/Desktop/SVN/trunk/Thesis_Projects/Watchdogs_Lester/Source_Code/WatchDog/watchdogclient/target/test-classes:/home/lester/Desktop/SVN/trunk/Thesis_Projects/Watchdogs_Lester/Source_Code/WatchDog/watchdogclient/target/classes:/home/lester/.m2/repository/junit/junit/3.8.1/junit-3.8.1.jar:/home/lester/.m2/repository/org/jwebsocket/watchdogcommon/1.0/watchdogcommon-1.0.jar:/home/lester/.m2/repository/org/jwebsocket/jWebSocketJavaSEClient/1.0/jWebSocketJavaSEClient-1.0.jar:/home/lester/.m2/repository/commons-codec/commons-codec/1.4/commons-codec-1.4.jar:/home/lester/.m2/repository/org/jboss/netty/netty/3.2.4.Final/netty-3.2.4.Final.jar:/home/lester/.m2/repository/org/jwebsocket/jWebSocketCommon/1.0/jWebSocketCommon-1.0.jar:/home/lester/.m2/repository/org/netbeans/external/json-2/RELEASE65/json-2-RELEASE65.jar:/home/lester/.m2/repository/org/codehaus/jackson/jackson-core-asl/1.9.3/jackson-core-asl-1.9.3.jar:/home/lester/.m2/repository/org/codehaus/jackson/jackson-mapper-asl/1.9.3/jackson-mapper-asl-1.9.3.jar:/home/lester/.m2/repository/javolution/javolution/5.5.1/javolution-5.5.1.jar:/home/lester/.m2/repository/commons-lang/commons-lang/2.5/commons-lang-2.5.jar:/home/lester/.m2/repository/org/slf4j/slf4j-log4j12/1.5.11/slf4j-log4j12-1.5.11.jar:/home/lester/.m2/repository/org/slf4j/slf4j-api/1.5.11/slf4j-api-1.5.11.jar:/home/lester/.m2/repository/log4j/log4j/1.2.16/log4j-1.2.16.jar:/home/lester/.m2/repository/org/powermock/powermock-api-easymock/1.4.6/powermock-api-easymock-1.4.6.jar:/home/lester/.m2/repository/org/powermock/powermock-api-support/1.4.6/powermock-api-support-1.4.6.jar:/home/lester/.m2/repository/org/powermock/powermock-core/1.4.6/powermock-core-1.4.6.jar:/home/lester/.m2/repository/org/powermock/powermock-reflect/1.4.6/powermock-reflect-1.4.6.jar:/home/lester/.m2/repository/org/objenesis/objenesis/1.2/objenesis-1.2.jar:/home/lester/.m2/repository/org/javassist/javassist/3.13.0-GA/javassist-3.13.0-GA.jar:/home/lester/.m2/repository/org/powermock/powermock-module-junit4/1.4.6/powermock-module-junit4-1.4.6.jar:/home/lester/.m2/repository/org/powermock/powermock-module-junit4-common/1.4.6/powermock-module-junit4-common-1.4.6.jar:/home/lester/.m2/repository/org/easymock/easymock/3.0/easymock-3.0.jar:/home/lester/.m2/repository/cglib/cglib-nodep/2.2/cglib-nodep-2.2.jar:/home/lester/.m2/repository/javax/servlet/servlet-api/2.5/servlet-api-2.5.jar:/home/lester/.m2/repository/org/jwebsocket/jWebSocketClientAPI/1.0/jWebSocketClientAPI-1.0.jar:/home/lester/.m2/repository/org/mongodb/mongo-java-driver/2.6.3/mongo-java-driver-2.6.3.jar:/home/lester/.m2/repository/org/apache/commons/commons-email/1.1/commons-email-1.1.jar:/home/lester/.m2/repository/javax/mail/mail/1.4/mail-1.4.jar:/home/lester/.m2/repository/javax/activation/activation/1.1/activation-1.1.jar:/home/lester/.m2/repository/org/springframework/spring-core/3.0.5.RELEASE/spring-core-3.0.5.RELEASE.jar:/home/lester/.m2/repository/org/springframework/spring-asm/3.0.5.RELEASE/spring-asm-3.0.5.RELEASE.jar:/home/lester/.m2/repository/commons-logging/commons-logging/1.1.1/commons-logging-1.1.1.jar:/home/lester/.m2/repository/org/springframework/spring-context/3.0.5.RELEASE/spring-context-3.0.5.RELEASE.jar:/home/lester/.m2/repository/org/springframework/spring-aop/3.0.5.RELEASE/spring-aop-3.0.5.RELEASE.jar:/home/lester/.m2/repository/aopalliance/aopalliance/1.0/aopalliance-1.0.jar:/home/lester/.m2/repository/org/springframework/spring-beans/3.0.5.RELEASE/spring-beans-3.0.5.RELEASE.jar:/home/lester/.m2/repository/org/springframework/spring-expression/3.0.5.RELEASE/spring-expression-3.0.5.RELEASE.jar:/home/lester/.m2/repository/org/springframework/spring-tx/3.0.5.RELEASE/spring-tx-3.0.5.RELEASE.jar:/home/lester/.m2/repository/org/springframework/security/spring-security-core/3.0.5.RELEASE/spring-security-core-3.0.5.RELEASE.jar:/home/lester/.m2/repository/org/aspectj/aspectjrt/1.6.8/aspectjrt-1.6.8.jar:/home/lester/.m2/repository/org/aspectj/aspectjweaver/1.6.8/aspectjweaver-1.6.8.jar:"/>
    <property name="java.specification.name" value="Java Platform API Specification"/>
    <property name="java.class.version" value="50.0"/>
    <property name="sun.management.compiler" value="HotSpot Tiered Compilers"/>
    <property name="os.version" value="3.0.0-12-generic"/>
    <property name="user.home" value="/home/lester"/>
    <property name="user.timezone" value="America/Havana"/>
    <property name="java.awt.printerjob" value="sun.print.PSPrinterJob"/>
    <property name="file.encoding" value="UTF-8"/>
    <property name="java.specification.version" value="1.6"/>
    <property name="user.name" value="lester"/>
    <property name="java.class.path" value="/home/lester/Desktop/SVN/trunk/Thesis_Projects/Watchdogs_Lester/Source_Code/WatchDog/watchdogclient/target/test-classes:/home/lester/Desktop/SVN/trunk/Thesis_Projects/Watchdogs_Lester/Source_Code/WatchDog/watchdogclient/target/classes:/home/lester/.m2/repository/junit/junit/3.8.1/junit-3.8.1.jar:/home/lester/.m2/repository/org/jwebsocket/watchdogcommon/1.0/watchdogcommon-1.0.jar:/home/lester/.m2/repository/org/jwebsocket/jWebSocketJavaSEClient/1.0/jWebSocketJavaSEClient-1.0.jar:/home/lester/.m2/repository/commons-codec/commons-codec/1.4/commons-codec-1.4.jar:/home/lester/.m2/repository/org/jboss/netty/netty/3.2.4.Final/netty-3.2.4.Final.jar:/home/lester/.m2/repository/org/jwebsocket/jWebSocketCommon/1.0/jWebSocketCommon-1.0.jar:/home/lester/.m2/repository/org/netbeans/external/json-2/RELEASE65/json-2-RELEASE65.jar:/home/lester/.m2/repository/org/codehaus/jackson/jackson-core-asl/1.9.3/jackson-core-asl-1.9.3.jar:/home/lester/.m2/repository/org/codehaus/jackson/jackson-mapper-asl/1.9.3/jackson-mapper-asl-1.9.3.jar:/home/lester/.m2/repository/javolution/javolution/5.5.1/javolution-5.5.1.jar:/home/lester/.m2/repository/commons-lang/commons-lang/2.5/commons-lang-2.5.jar:/home/lester/.m2/repository/org/slf4j/slf4j-log4j12/1.5.11/slf4j-log4j12-1.5.11.jar:/home/lester/.m2/repository/org/slf4j/slf4j-api/1.5.11/slf4j-api-1.5.11.jar:/home/lester/.m2/repository/log4j/log4j/1.2.16/log4j-1.2.16.jar:/home/lester/.m2/repository/org/powermock/powermock-api-easymock/1.4.6/powermock-api-easymock-1.4.6.jar:/home/lester/.m2/repository/org/powermock/powermock-api-support/1.4.6/powermock-api-support-1.4.6.jar:/home/lester/.m2/repository/org/powermock/powermock-core/1.4.6/powermock-core-1.4.6.jar:/home/lester/.m2/repository/org/powermock/powermock-reflect/1.4.6/powermock-reflect-1.4.6.jar:/home/lester/.m2/repository/org/objenesis/objenesis/1.2/objenesis-1.2.jar:/home/lester/.m2/repository/org/javassist/javassist/3.13.0-GA/javassist-3.13.0-GA.jar:/home/lester/.m2/repository/org/powermock/powermock-module-junit4/1.4.6/powermock-module-junit4-1.4.6.jar:/home/lester/.m2/repository/org/powermock/powermock-module-junit4-common/1.4.6/powermock-module-junit4-common-1.4.6.jar:/home/lester/.m2/repository/org/easymock/easymock/3.0/easymock-3.0.jar:/home/lester/.m2/repository/cglib/cglib-nodep/2.2/cglib-nodep-2.2.jar:/home/lester/.m2/repository/javax/servlet/servlet-api/2.5/servlet-api-2.5.jar:/home/lester/.m2/repository/org/jwebsocket/jWebSocketClientAPI/1.0/jWebSocketClientAPI-1.0.jar:/home/lester/.m2/repository/org/mongodb/mongo-java-driver/2.6.3/mongo-java-driver-2.6.3.jar:/home/lester/.m2/repository/org/apache/commons/commons-email/1.1/commons-email-1.1.jar:/home/lester/.m2/repository/javax/mail/mail/1.4/mail-1.4.jar:/home/lester/.m2/repository/javax/activation/activation/1.1/activation-1.1.jar:/home/lester/.m2/repository/org/springframework/spring-core/3.0.5.RELEASE/spring-core-3.0.5.RELEASE.jar:/home/lester/.m2/repository/org/springframework/spring-asm/3.0.5.RELEASE/spring-asm-3.0.5.RELEASE.jar:/home/lester/.m2/repository/commons-logging/commons-logging/1.1.1/commons-logging-1.1.1.jar:/home/lester/.m2/repository/org/springframework/spring-context/3.0.5.RELEASE/spring-context-3.0.5.RELEASE.jar:/home/lester/.m2/repository/org/springframework/spring-aop/3.0.5.RELEASE/spring-aop-3.0.5.RELEASE.jar:/home/lester/.m2/repository/aopalliance/aopalliance/1.0/aopalliance-1.0.jar:/home/lester/.m2/repository/org/springframework/spring-beans/3.0.5.RELEASE/spring-beans-3.0.5.RELEASE.jar:/home/lester/.m2/repository/org/springframework/spring-expression/3.0.5.RELEASE/spring-expression-3.0.5.RELEASE.jar:/home/lester/.m2/repository/org/springframework/spring-tx/3.0.5.RELEASE/spring-tx-3.0.5.RELEASE.jar:/home/lester/.m2/repository/org/springframework/security/spring-security-core/3.0.5.RELEASE/spring-security-core-3.0.5.RELEASE.jar:/home/lester/.m2/repository/org/aspectj/aspectjrt/1.6.8/aspectjrt-1.6.8.jar:/home/lester/.m2/repository/org/aspectj/aspectjweaver/1.6.8/aspectjweaver-1.6.8.jar:"/>
    <property name="java.vm.specification.version" value="1.0"/>
    <property name="sun.arch.data.model" value="32"/>
    <property name="java.home" value="/usr/lib/jvm/java-6-sun-1.6.0.22/jre"/>
    <property name="java.specification.vendor" value="Sun Microsystems Inc."/>
    <property name="user.language" value="en"/>
    <property name="java.vm.info" value="mixed mode"/>
    <property name="java.version" value="1.6.0_22"/>
    <property name="java.ext.dirs" value="/usr/lib/jvm/java-6-sun-1.6.0.22/jre/lib/ext:/usr/java/packages/lib/ext"/>
    <property name="sun.boot.class.path" value="/usr/lib/jvm/java-6-sun-1.6.0.22/jre/lib/resources.jar:/usr/lib/jvm/java-6-sun-1.6.0.22/jre/lib/rt.jar:/usr/lib/jvm/java-6-sun-1.6.0.22/jre/lib/sunrsasign.jar:/usr/lib/jvm/java-6-sun-1.6.0.22/jre/lib/jsse.jar:/usr/lib/jvm/java-6-sun-1.6.0.22/jre/lib/jce.jar:/usr/lib/jvm/java-6-sun-1.6.0.22/jre/lib/charsets.jar:/usr/lib/jvm/java-6-sun-1.6.0.22/jre/classes"/>
    <property name="java.vendor" value="Sun Microsystems Inc."/>
    <property name="localRepository" value="/home/lester/.m2/repository"/>
    <property name="file.separator" value="/"/>
    <property name="java.vendor.url.bug" value="http://java.sun.com/cgi-bin/bugreport.cgi"/>
    <property name="sun.cpu.endian" value="little"/>
    <property name="sun.io.unicode.encoding" value="UnicodeLittle"/>
    <property name="sun.desktop" value="gnome"/>
    <property name="sun.cpu.isalist" value=""/>
  </properties>
  <testcase time="0.006" classname="org.jwebsocket.watchdog.notifier.MailNotifierTest" name="testGetFrom"/>
  <testcase time="0" classname="org.jwebsocket.watchdog.notifier.MailNotifierTest" name="testGetHostName"/>
  <testcase time="0" classname="org.jwebsocket.watchdog.notifier.MailNotifierTest" name="testGetPort"/>
  <testcase time="0" classname="org.jwebsocket.watchdog.notifier.MailNotifierTest" name="testGetSubject"/>
  <testcase time="0" classname="org.jwebsocket.watchdog.notifier.MailNotifierTest" name="testGetUsersList"/>
  <testcase time="0.001" classname="org.jwebsocket.watchdog.notifier.MailNotifierTest" name="testSetFrom"/>
  <testcase time="0" classname="org.jwebsocket.watchdog.notifier.MailNotifierTest" name="testSetHostName"/>
  <testcase time="0" classname="org.jwebsocket.watchdog.notifier.MailNotifierTest" name="testSetPort"/>
  <testcase time="0" classname="org.jwebsocket.watchdog.notifier.MailNotifierTest" name="testSetSubject"/>
  <testcase time="0" classname="org.jwebsocket.watchdog.notifier.MailNotifierTest" name="testSetUsersList"/>
  <testcase time="0" classname="org.jwebsocket.watchdog.notifier.MailNotifierTest" name="testGetId"/>
  <testcase time="0" classname="org.jwebsocket.watchdog.notifier.MailNotifierTest" name="testSetId"/>
  <testcase time="0" classname="org.jwebsocket.watchdog.notifier.MailNotifierTest" name="testGetDescription"/>
  <testcase time="0" classname="org.jwebsocket.watchdog.notifier.MailNotifierTest" name="testGetTo"/>
  <testcase time="0" classname="org.jwebsocket.watchdog.notifier.MailNotifierTest" name="testSetTo"/>
  <testcase time="0.092" classname="org.jwebsocket.watchdog.notifier.MailNotifierTest" name="testNotify"/>
  <testcase time="0" classname="org.jwebsocket.watchdog.notifier.MailNotifierTest" name="testSetDescription"/>
  <testcase time="0" classname="org.jwebsocket.watchdog.notifier.MailNotifierTest" name="testInitialize"/>
  <testcase time="0" classname="org.jwebsocket.watchdog.notifier.MailNotifierTest" name="testShutdown"/>
</testsuite>